// 同步 ID: d052b68c @ Fri Jul 10 01:20:10 UTC 2026
// 同步 ID: 96364a73 @ Fri Jul 10 05:58:49 UTC 2026
// 重构日志: 378710fb
// 重构日志: 6445d9ab
// 同步 ID: a60a9566 @ Sat Jul 11 16:21:53 UTC 2026
// 同步 ID: 0caad594 @ Sat Jul 11 16:55:20 UTC 2026
// 重构日志: 1932a5fb
// 同步 ID: 6550975d @ Sun Jul 12 18:15:08 UTC 2026
// 重构日志: c88c712b
// 重构日志: b940d5fa
// 同步 ID: cf9149b8 @ Mon Jul 13 12:29:59 UTC 2026
// 同步 ID: 5c8f48e7 @ Mon Jul 13 18:30:52 UTC 2026
// 同步 ID: c078259d @ Tue Jul 14 04:36:27 UTC 2026
// 重构日志: d0d618ff
// 同步 ID: 7c2cb535 @ Tue Jul 14 16:00:13 UTC 2026
// 同步 ID: 3c1eecd4 @ Wed Jul 15 11:24:05 UTC 2026
// 重构日志: 67adb8a1
// 同步 ID: aec2a7df @ Wed Jul 15 17:20:25 UTC 2026
// 重构日志: a80772ce
// 同步 ID: 6ff81a1d @ Fri Jul 17 08:29:58 UTC 2026
// 同步 ID: fe89a0e7 @ Fri Jul 17 09:31:31 UTC 2026
// 重构日志: be73487e
// 重构日志: 945e2dd5
// 同步 ID: 49a95068 @ Sat Jul 18 05:07:31 UTC 2026
// 同步 ID: 60103adf @ Sat Jul 18 17:03:26 UTC 2026
// 重构日志: 489cb65a
// 重构日志: c225f23a
// 同步 ID: a18f1ecb @ Mon Jul 20 14:04:30 UTC 2026
// 同步 ID: 3af56920 @ Mon Jul 20 17:06:49 UTC 2026
// 同步 ID: 7faa44e9 @ Wed Jul 22 00:09:15 UTC 2026
// 重构日志: f595b162
// 重构日志: b50fedfb
// 重构日志: d2e4910a
